2024-12-16 03:41:30,764 - INFO - Load pretrained SentenceTransformer: paraphrase-MiniLM-L6-v2
2024-12-16 03:41:31,938 - INFO - input data size: 1569
2024-12-16 03:42:26,526 - INFO - Epoch [1/30], Loss: 0.6723, Val Loss: 0.5942
2024-12-16 03:42:26,540 - INFO - Epoch [2/30], Loss: 0.5980, Val Loss: 0.5489
2024-12-16 03:42:26,552 - INFO - Epoch [3/30], Loss: 0.5517, Val Loss: 0.5176
2024-12-16 03:42:26,563 - INFO - Epoch [4/30], Loss: 0.5234, Val Loss: 0.4943
2024-12-16 03:42:26,575 - INFO - Epoch [5/30], Loss: 0.4908, Val Loss: 0.4750
2024-12-16 03:42:26,587 - INFO - Epoch [6/30], Loss: 0.4804, Val Loss: 0.4591
2024-12-16 03:42:26,599 - INFO - Epoch [7/30], Loss: 0.4584, Val Loss: 0.4459
2024-12-16 03:42:26,611 - INFO - Epoch [8/30], Loss: 0.4451, Val Loss: 0.4355
2024-12-16 03:42:26,623 - INFO - Epoch [9/30], Loss: 0.4198, Val Loss: 0.4280
2024-12-16 03:42:26,636 - INFO - Epoch [10/30], Loss: 0.4209, Val Loss: 0.4227
2024-12-16 03:42:26,650 - INFO - Epoch [11/30], Loss: 0.4055, Val Loss: 0.4190
2024-12-16 03:42:26,666 - INFO - Epoch [12/30], Loss: 0.3984, Val Loss: 0.4159
2024-12-16 03:42:26,681 - INFO - Epoch [13/30], Loss: 0.3962, Val Loss: 0.4121
2024-12-16 03:42:26,696 - INFO - Epoch [14/30], Loss: 0.3870, Val Loss: 0.4076
2024-12-16 03:42:26,712 - INFO - Epoch [15/30], Loss: 0.3726, Val Loss: 0.4029
2024-12-16 03:42:26,727 - INFO - Epoch [16/30], Loss: 0.3661, Val Loss: 0.3988
2024-12-16 03:42:26,742 - INFO - Epoch [17/30], Loss: 0.3502, Val Loss: 0.3956
2024-12-16 03:42:26,757 - INFO - Epoch [18/30], Loss: 0.3480, Val Loss: 0.3937
2024-12-16 03:42:26,772 - INFO - Epoch [19/30], Loss: 0.3390, Val Loss: 0.3929
2024-12-16 03:42:26,788 - INFO - Epoch [20/30], Loss: 0.3254, Val Loss: 0.3930
2024-12-16 03:42:26,803 - INFO - Epoch [21/30], Loss: 0.3269, Val Loss: 0.3940
2024-12-16 03:42:26,818 - INFO - Epoch [22/30], Loss: 0.3172, Val Loss: 0.3957
2024-12-16 03:42:26,833 - INFO - Epoch [23/30], Loss: 0.3166, Val Loss: 0.3976
2024-12-16 03:42:26,846 - INFO - Epoch [24/30], Loss: 0.3013, Val Loss: 0.3996
2024-12-16 03:42:26,846 - INFO - Early stopping!
2024-12-16 03:42:26,864 - INFO - Accuracy: 0.8025
2024-12-16 03:42:26,871 - INFO - Classification Report:
              precision    recall  f1-score   support

           0       0.83      0.89      0.86       213
           1       0.73      0.61      0.67       101

    accuracy                           0.80       314
   macro avg       0.78      0.75      0.76       314
weighted avg       0.80      0.80      0.80       314

2024-12-16 03:42:26,871 - INFO - Training set size: 1255
2024-12-16 03:42:26,872 - INFO - Test set size: 314
2024-12-16 03:42:26,872 - INFO - Finished successfully and it took 0.9352246166666667 minutes
