2024-12-16 02:20:00,214 - INFO - Load pretrained SentenceTransformer: paraphrase-MiniLM-L6-v2
2024-12-16 02:20:00,960 - INFO - input data size: 1569
2024-12-16 02:20:54,901 - INFO - Epoch [1/30], Loss: 0.6723, Val Loss: 0.5942
2024-12-16 02:20:54,914 - INFO - Epoch [2/30], Loss: 0.5980, Val Loss: 0.5489
2024-12-16 02:20:54,928 - INFO - Epoch [3/30], Loss: 0.5517, Val Loss: 0.5176
2024-12-16 02:20:54,942 - INFO - Epoch [4/30], Loss: 0.5234, Val Loss: 0.4943
2024-12-16 02:20:54,955 - INFO - Epoch [5/30], Loss: 0.4908, Val Loss: 0.4750
2024-12-16 02:20:54,967 - INFO - Epoch [6/30], Loss: 0.4804, Val Loss: 0.4591
2024-12-16 02:20:54,980 - INFO - Epoch [7/30], Loss: 0.4584, Val Loss: 0.4459
2024-12-16 02:20:54,992 - INFO - Epoch [8/30], Loss: 0.4451, Val Loss: 0.4355
2024-12-16 02:20:55,004 - INFO - Epoch [9/30], Loss: 0.4198, Val Loss: 0.4280
2024-12-16 02:20:55,017 - INFO - Epoch [10/30], Loss: 0.4209, Val Loss: 0.4227
2024-12-16 02:20:55,031 - INFO - Epoch [11/30], Loss: 0.4055, Val Loss: 0.4190
2024-12-16 02:20:55,047 - INFO - Epoch [12/30], Loss: 0.3984, Val Loss: 0.4159
2024-12-16 02:20:55,060 - INFO - Epoch [13/30], Loss: 0.3962, Val Loss: 0.4121
2024-12-16 02:20:55,073 - INFO - Epoch [14/30], Loss: 0.3870, Val Loss: 0.4076
2024-12-16 02:20:55,086 - INFO - Epoch [15/30], Loss: 0.3726, Val Loss: 0.4029
2024-12-16 02:20:55,098 - INFO - Epoch [16/30], Loss: 0.3661, Val Loss: 0.3988
2024-12-16 02:20:55,110 - INFO - Epoch [17/30], Loss: 0.3502, Val Loss: 0.3956
2024-12-16 02:20:55,122 - INFO - Epoch [18/30], Loss: 0.3480, Val Loss: 0.3937
2024-12-16 02:20:55,135 - INFO - Epoch [19/30], Loss: 0.3390, Val Loss: 0.3929
2024-12-16 02:20:55,147 - INFO - Epoch [20/30], Loss: 0.3254, Val Loss: 0.3930
2024-12-16 02:20:55,159 - INFO - Epoch [21/30], Loss: 0.3269, Val Loss: 0.3940
2024-12-16 02:20:55,171 - INFO - Epoch [22/30], Loss: 0.3172, Val Loss: 0.3957
2024-12-16 02:20:55,184 - INFO - Epoch [23/30], Loss: 0.3166, Val Loss: 0.3976
2024-12-16 02:20:55,196 - INFO - Epoch [24/30], Loss: 0.3013, Val Loss: 0.3996
2024-12-16 02:20:55,196 - INFO - Early stopping!
2024-12-16 02:20:55,198 - INFO - Accuracy: 0.8025
2024-12-16 02:20:55,204 - INFO - Classification Report:
              precision    recall  f1-score   support

           0       0.83      0.89      0.86       213
           1       0.73      0.61      0.67       101

    accuracy                           0.80       314
   macro avg       0.78      0.75      0.76       314
weighted avg       0.80      0.80      0.80       314

2024-12-16 02:20:55,204 - INFO - Training set size: 1255
2024-12-16 02:20:55,204 - INFO - Test set size: 314
2024-12-16 02:20:55,205 - INFO - Finished successfully and it took 0.9165319166666667 minutes
